<?xml version="1.0" encoding="UTF-8"?>
<testng-results ignored="0" total="1" passed="1" failed="0" skipped="0">
  <reporter-output>
  </reporter-output>
  <suite started-at="2023-03-30T22:36:48 IST" name="Default suite" finished-at="2023-03-30T22:36:52 IST" duration-ms="4352">
    <groups>
    </groups>
    <test started-at="2023-03-30T22:36:48 IST" name="Default test" finished-at="2023-03-30T22:36:52 IST" duration-ms="4352">
      <class name="day3.Headers_Info">
        <test-method signature="testHeaders()[pri:0, instance:day3.Headers_Info@4944252c]" started-at="2023-03-30T22:36:48 IST" name="testHeaders" finished-at="2023-03-30T22:36:52 IST" duration-ms="4284" status="PASS">
          <reporter-output>
          </reporter-output>
        </test-method> <!-- testHeaders -->
      </class> <!-- day3.Headers_Info -->
    </test> <!-- Default test -->
  </suite> <!-- Default suite -->
</testng-results>
